<?xml version="1.0" encoding="UTF-8"?>
<testng-results ignored="0" total="1" passed="1" failed="0" skipped="0">
  <reporter-output>
  </reporter-output>
  <suite started-at="2021-02-21T18:47:46Z" name="Default suite" finished-at="2021-02-21T18:48:13Z" duration-ms="27048">
    <groups>
    </groups>
    <test started-at="2021-02-21T18:47:46Z" name="Default test" finished-at="2021-02-21T18:48:13Z" duration-ms="27048">
      <class name="Com.TestNGTests">
        <test-method is-config="true" signature="login()[pri:0, instance:Com.TestNGTests@2b175c00]" started-at="2021-02-22T00:17:46Z" name="login" finished-at="2021-02-22T00:17:49Z" duration-ms="3394" status="PASS">
          <reporter-output>
          </reporter-output>
        </test-method> <!-- login -->
        <test-method signature="validateLogin()[pri:0, instance:Com.TestNGTests@2b175c00]" started-at="2021-02-22T00:17:49Z" name="validateLogin" finished-at="2021-02-22T00:18:12Z" duration-ms="22496" status="PASS">
          <reporter-output>
          </reporter-output>
        </test-method> <!-- validateLogin -->
        <test-method is-config="true" signature="Navigation()[pri:0, instance:Com.TestNGTests@2b175c00]" started-at="2021-02-22T00:18:12Z" name="Navigation" finished-at="2021-02-22T00:18:13Z" duration-ms="1138" status="PASS">
          <reporter-output>
          </reporter-output>
        </test-method> <!-- Navigation -->
      </class> <!-- Com.TestNGTests -->
    </test> <!-- Default test -->
  </suite> <!-- Default suite -->
</testng-results>
